Build started 15/04/2026 16:04:40.
     1>Project "C:\game_project\Project_Prisamon\Project_Prisamon\Project_Prisamon.vcxproj" on node 2 (Build target(s)).
     1>ClCompile:
         C:\Program Files (x86)\Microsoft Visual Studio 12.0\VC\bin\CL.exe /c /Iinclude /I. /Zi /nologo /W3 /WX- /sdl /O2 /Oi /Oy- /GL /D _MBCS /Gm- /EHsc /MD /GS /Gy /fp:precise /Zc:wchar_t /Zc:forScope /Fo"Release\\" /Fd"Release\vc120.pdb" /Gd /TP /analyze- /errorReport:prompt src\ResourceManager.cpp
         ResourceManager.cpp
       Link:
         C:\Program Files (x86)\Microsoft Visual Studio 12.0\VC\bin\link.exe /ERRORREPORT:PROMPT /OUT:"C:\game_project\Project_Prisamon\Release\Project_Prisamon.exe" /NOLOGO kernel32.lib user32.lib gdi32.lib winspool.lib comdlg32.lib advapi32.lib shell32.lib ole32.lib oleaut32.lib uuid.lib odbc32.lib odbccp32.lib /MANIFEST /MANIFESTUAC:"level='asInvoker' uiAccess='false'" /manifest:embed /DEBUG /PDB:"C:\game_project\Project_Prisamon\Release\Project_Prisamon.pdb" /OPT:REF /OPT:ICF /LTCG /TLBID:1 /DYNAMICBASE /NXCOMPAT /IMPLIB:"C:\game_project\Project_Prisamon\Release\Project_Prisamon.lib" /MACHINE:X86 /SAFESEH:NO Release\iMain.obj
         Release\Globals.obj
         Release\BattleSystem.obj
         Release\PokemonManager.obj
         Release\ResourceManager.obj
         Release\WorldMap.obj
         Release\ScreenRenderer.obj
         Release\InputHandler.obj
         Generating code
         Finished generating code
         Project_Prisamon.vcxproj -> C:\game_project\Project_Prisamon\Release\Project_Prisamon.exe
     1>Done Building Project "C:\game_project\Project_Prisamon\Project_Prisamon\Project_Prisamon.vcxproj" (Build target(s)).

Build succeeded.

Time Elapsed 00:00:02.67
